00:05:56.483 [http-nio-8999-exec-1] INFO  o.a.c.c.C.[Tomcat].[localhost].[/] - Initializing Spring DispatcherServlet 'dispatcherServlet'
00:05:56.501 [http-nio-8999-exec-1] INFO  o.s.web.servlet.DispatcherServlet - Initializing Servlet 'dispatcherServlet'
00:05:56.503 [http-nio-8999-exec-1] INFO  o.s.web.servlet.DispatcherServlet - Completed initialization in 2 ms
00:05:56.535 [http-nio-8999-exec-2] INFO  c.alibaba.druid.pool.DruidDataSource - {dataSource-3} inited
00:17:21.156 [Thread-38] INFO  c.alibaba.druid.pool.DruidDataSource - {dataSource-3} closing ...
00:17:21.157 [Thread-38] INFO  c.alibaba.druid.pool.DruidDataSource - {dataSource-3} closed
00:17:21.734 [restartedMain] INFO  cn.enncy.funny.FunnyApplication - Starting FunnyApplication using Java 1.8.0_281 on LAPTOP-39475F8U with PID 27116 (E:\IDEA\Project\funny\target\classes started by ASUS in E:\IDEA\Project\funny)
00:17:21.735 [restartedMain] INFO  cn.enncy.funny.FunnyApplication - The following profiles are active: dev
00:17:23.027 [restartedMain] INFO  o.s.b.w.e.tomcat.TomcatWebServer - Tomcat initialized with port(s): 8999 (http)
00:17:23.027 [restartedMain] INFO  o.a.coyote.http11.Http11NioProtocol - Initializing ProtocolHandler ["http-nio-8999"]
00:17:23.027 [restartedMain] INFO  o.a.catalina.core.StandardService - Starting service [Tomcat]
00:17:23.027 [restartedMain] INFO  o.a.catalina.core.StandardEngine - Starting Servlet engine: [Apache Tomcat/9.0.50]
00:17:23.058 [restartedMain] INFO  o.a.c.c.C.[Tomcat].[localhost].[/] - Initializing Spring embedded WebApplicationContext
00:17:23.059 [restartedMain] INFO  o.s.b.w.s.c.ServletWebServerApplicationContext - Root WebApplicationContext: initialization completed in 1314 ms
00:17:23.960 [restartedMain] INFO  c.alibaba.druid.pool.DruidDataSource - {dataSource-0} closing ...
00:17:23.960 [restartedMain] INFO  o.a.catalina.core.StandardService - Stopping service [Tomcat]
00:17:23.972 [restartedMain] INFO  o.s.b.a.l.ConditionEvaluationReportLoggingListener - 

Error starting ApplicationContext. To display the conditions report re-run your application with 'debug' enabled.
00:17:25.512 [restartedMain] INFO  cn.enncy.funny.FunnyApplication - Starting FunnyApplication using Java 1.8.0_281 on LAPTOP-39475F8U with PID 27116 (E:\IDEA\Project\funny\target\classes started by ASUS in E:\IDEA\Project\funny)
00:17:25.512 [restartedMain] INFO  cn.enncy.funny.FunnyApplication - The following profiles are active: dev
00:17:26.006 [restartedMain] INFO  o.s.b.w.e.tomcat.TomcatWebServer - Tomcat initialized with port(s): 8999 (http)
00:17:26.006 [restartedMain] INFO  o.a.coyote.http11.Http11NioProtocol - Initializing ProtocolHandler ["http-nio-8999"]
00:17:26.006 [restartedMain] INFO  o.a.catalina.core.StandardService - Starting service [Tomcat]
00:17:26.006 [restartedMain] INFO  o.a.catalina.core.StandardEngine - Starting Servlet engine: [Apache Tomcat/9.0.50]
00:17:26.030 [restartedMain] INFO  o.a.c.c.C.[Tomcat-1].[localhost].[/] - Initializing Spring embedded WebApplicationContext
00:17:26.030 [restartedMain] INFO  o.s.b.w.s.c.ServletWebServerApplicationContext - Root WebApplicationContext: initialization completed in 515 ms
00:17:26.973 [restartedMain] INFO  o.s.s.web.DefaultSecurityFilterChain - Will secure any request with [org.springframework.security.web.context.request.async.WebAsyncManagerIntegrationFilter@35e89d28, org.springframework.security.web.context.SecurityContextPersistenceFilter@4cf95915, org.springframework.security.web.header.HeaderWriterFilter@6dba5d6a, org.springframework.security.web.authentication.logout.LogoutFilter@4f1f41cb, org.springframework.security.web.authentication.UsernamePasswordAuthenticationFilter@6bcbba71, org.springframework.security.web.authentication.ui.DefaultLoginPageGeneratingFilter@3e5ac1bc, org.springframework.security.web.authentication.ui.DefaultLogoutPageGeneratingFilter@7e710fd6, org.springframework.security.web.savedrequest.RequestCacheAwareFilter@192dc510, org.springframework.security.web.servletapi.SecurityContextHolderAwareRequestFilter@26c39a52, org.springframework.security.web.authentication.AnonymousAuthenticationFilter@21192ab7, org.springframework.security.web.session.SessionManagementFilter@28f60ef8, org.springframework.security.web.access.ExceptionTranslationFilter@5ea1741e, org.springframework.security.web.access.intercept.FilterSecurityInterceptor@2fde0d32]
00:17:27.054 [restartedMain] INFO  o.s.b.d.a.OptionalLiveReloadServer - LiveReload server is running on port 35729
00:17:27.186 [restartedMain] INFO  o.a.coyote.http11.Http11NioProtocol - Starting ProtocolHandler ["http-nio-8999"]
00:17:27.191 [restartedMain] INFO  o.s.b.w.e.tomcat.TomcatWebServer - Tomcat started on port(s): 8999 (http) with context path ''
00:17:27.346 [restartedMain] INFO  cn.enncy.funny.FunnyApplication - Started FunnyApplication in 1.883 seconds (JVM running for 3803.667)
00:17:27.348 [restartedMain] INFO  o.s.b.d.a.ConditionEvaluationDeltaLoggingListener - Condition evaluation unchanged
00:18:14.511 [Thread-42] INFO  c.alibaba.druid.pool.DruidDataSource - {dataSource-0} closing ...
00:18:15.223 [restartedMain] INFO  cn.enncy.funny.FunnyApplication - Starting FunnyApplication using Java 1.8.0_281 on LAPTOP-39475F8U with PID 27116 (E:\IDEA\Project\funny\target\classes started by ASUS in E:\IDEA\Project\funny)
00:18:15.224 [restartedMain] INFO  cn.enncy.funny.FunnyApplication - The following profiles are active: dev
00:18:15.998 [restartedMain] INFO  o.s.b.w.e.tomcat.TomcatWebServer - Tomcat initialized with port(s): 8999 (http)
00:18:15.999 [restartedMain] INFO  o.a.coyote.http11.Http11NioProtocol - Initializing ProtocolHandler ["http-nio-8999"]
00:18:15.999 [restartedMain] INFO  o.a.catalina.core.StandardService - Starting service [Tomcat]
00:18:15.999 [restartedMain] INFO  o.a.catalina.core.StandardEngine - Starting Servlet engine: [Apache Tomcat/9.0.50]
00:18:16.036 [restartedMain] INFO  o.a.c.c.C.[Tomcat-1].[localhost].[/] - Initializing Spring embedded WebApplicationContext
00:18:16.036 [restartedMain] INFO  o.s.b.w.s.c.ServletWebServerApplicationContext - Root WebApplicationContext: initialization completed in 806 ms
00:18:17.352 [restartedMain] INFO  o.s.s.web.DefaultSecurityFilterChain - Will secure any request with [org.springframework.security.web.context.request.async.WebAsyncManagerIntegrationFilter@37c9c168, org.springframework.security.web.context.SecurityContextPersistenceFilter@6a829ddd, org.springframework.security.web.header.HeaderWriterFilter@704a051, org.springframework.security.web.authentication.logout.LogoutFilter@45e569d9, org.springframework.security.web.authentication.UsernamePasswordAuthenticationFilter@526a16a1, org.springframework.security.web.authentication.ui.DefaultLoginPageGeneratingFilter@21d6c441, org.springframework.security.web.authentication.ui.DefaultLogoutPageGeneratingFilter@1408ba32, org.springframework.security.web.savedrequest.RequestCacheAwareFilter@5a380072, org.springframework.security.web.servletapi.SecurityContextHolderAwareRequestFilter@789c254c, org.springframework.security.web.authentication.AnonymousAuthenticationFilter@329ddc55, org.springframework.security.web.session.SessionManagementFilter@3abc75f3, org.springframework.security.web.access.ExceptionTranslationFilter@79192275, org.springframework.security.web.access.intercept.FilterSecurityInterceptor@544e4fa1]
00:18:17.495 [restartedMain] INFO  o.s.b.d.a.OptionalLiveReloadServer - LiveReload server is running on port 35729
00:18:17.717 [restartedMain] INFO  o.a.coyote.http11.Http11NioProtocol - Starting ProtocolHandler ["http-nio-8999"]
00:18:17.725 [restartedMain] INFO  o.s.b.w.e.tomcat.TomcatWebServer - Tomcat started on port(s): 8999 (http) with context path ''
00:18:17.946 [restartedMain] INFO  cn.enncy.funny.FunnyApplication - Started FunnyApplication in 2.801 seconds (JVM running for 3854.267)
00:18:17.958 [restartedMain] INFO  o.s.b.d.a.ConditionEvaluationDeltaLoggingListener - Condition evaluation unchanged
00:18:38.258 [Thread-49] INFO  c.alibaba.druid.pool.DruidDataSource - {dataSource-0} closing ...
00:18:38.803 [restartedMain] INFO  cn.enncy.funny.FunnyApplication - Starting FunnyApplication using Java 1.8.0_281 on LAPTOP-39475F8U with PID 27116 (E:\IDEA\Project\funny\target\classes started by ASUS in E:\IDEA\Project\funny)
00:18:38.803 [restartedMain] INFO  cn.enncy.funny.FunnyApplication - The following profiles are active: dev
00:18:39.596 [restartedMain] INFO  o.s.b.w.e.tomcat.TomcatWebServer - Tomcat initialized with port(s): 8999 (http)
00:18:39.596 [restartedMain] INFO  o.a.coyote.http11.Http11NioProtocol - Initializing ProtocolHandler ["http-nio-8999"]
00:18:39.596 [restartedMain] INFO  o.a.catalina.core.StandardService - Starting service [Tomcat]
00:18:39.597 [restartedMain] INFO  o.a.catalina.core.StandardEngine - Starting Servlet engine: [Apache Tomcat/9.0.50]
00:18:39.626 [restartedMain] INFO  o.a.c.c.C.[Tomcat-1].[localhost].[/] - Initializing Spring embedded WebApplicationContext
00:18:39.626 [restartedMain] INFO  o.s.b.w.s.c.ServletWebServerApplicationContext - Root WebApplicationContext: initialization completed in 816 ms
00:18:40.571 [restartedMain] INFO  c.alibaba.druid.pool.DruidDataSource - {dataSource-0} closing ...
00:18:40.571 [restartedMain] INFO  o.a.catalina.core.StandardService - Stopping service [Tomcat]
00:18:40.578 [restartedMain] INFO  o.s.b.a.l.ConditionEvaluationReportLoggingListener - 

Error starting ApplicationContext. To display the conditions report re-run your application with 'debug' enabled.
00:20:05.923 [restartedMain] INFO  cn.enncy.funny.FunnyApplication - Starting FunnyApplication using Java 1.8.0_281 on LAPTOP-39475F8U with PID 27116 (E:\IDEA\Project\funny\target\classes started by ASUS in E:\IDEA\Project\funny)
00:20:05.924 [restartedMain] INFO  cn.enncy.funny.FunnyApplication - The following profiles are active: dev
00:20:06.608 [restartedMain] INFO  o.s.b.w.e.tomcat.TomcatWebServer - Tomcat initialized with port(s): 8999 (http)
00:20:06.608 [restartedMain] INFO  o.a.coyote.http11.Http11NioProtocol - Initializing ProtocolHandler ["http-nio-8999"]
00:20:06.608 [restartedMain] INFO  o.a.catalina.core.StandardService - Starting service [Tomcat]
00:20:06.608 [restartedMain] INFO  o.a.catalina.core.StandardEngine - Starting Servlet engine: [Apache Tomcat/9.0.50]
00:20:06.637 [restartedMain] INFO  o.a.c.c.C.[Tomcat-2].[localhost].[/] - Initializing Spring embedded WebApplicationContext
00:20:06.637 [restartedMain] INFO  o.s.b.w.s.c.ServletWebServerApplicationContext - Root WebApplicationContext: initialization completed in 709 ms
00:20:08.007 [restartedMain] INFO  o.s.s.web.DefaultSecurityFilterChain - Will secure any request with [org.springframework.security.web.context.request.async.WebAsyncManagerIntegrationFilter@27b95efd, org.springframework.security.web.context.SecurityContextPersistenceFilter@34323941, org.springframework.security.web.header.HeaderWriterFilter@1b613d3c, org.springframework.security.web.authentication.logout.LogoutFilter@675ccfb0, org.springframework.security.web.authentication.UsernamePasswordAuthenticationFilter@6c283321, org.springframework.security.web.authentication.ui.DefaultLoginPageGeneratingFilter@2c42a224, org.springframework.security.web.authentication.ui.DefaultLogoutPageGeneratingFilter@6effb12b, org.springframework.security.web.savedrequest.RequestCacheAwareFilter@52479d52, org.springframework.security.web.servletapi.SecurityContextHolderAwareRequestFilter@405dc2fb, org.springframework.security.web.authentication.AnonymousAuthenticationFilter@6d6f8d97, org.springframework.security.web.session.SessionManagementFilter@2769735f, org.springframework.security.web.access.ExceptionTranslationFilter@129e81b4, org.springframework.security.web.access.intercept.FilterSecurityInterceptor@ec1ba51]
00:20:08.118 [restartedMain] INFO  o.s.b.d.a.OptionalLiveReloadServer - LiveReload server is running on port 35729
00:20:08.292 [restartedMain] INFO  o.a.coyote.http11.Http11NioProtocol - Starting ProtocolHandler ["http-nio-8999"]
00:20:08.299 [restartedMain] INFO  o.s.b.w.e.tomcat.TomcatWebServer - Tomcat started on port(s): 8999 (http) with context path ''
00:20:08.434 [restartedMain] INFO  cn.enncy.funny.FunnyApplication - Started FunnyApplication in 2.574 seconds (JVM running for 3964.755)
00:20:08.436 [restartedMain] INFO  o.s.b.d.a.ConditionEvaluationDeltaLoggingListener - Condition evaluation unchanged
00:20:16.120 [http-nio-8999-exec-1] INFO  o.a.c.c.C.[Tomcat-2].[localhost].[/] - Initializing Spring DispatcherServlet 'dispatcherServlet'
00:20:16.121 [http-nio-8999-exec-1] INFO  o.s.web.servlet.DispatcherServlet - Initializing Servlet 'dispatcherServlet'
00:20:16.123 [http-nio-8999-exec-1] INFO  o.s.web.servlet.DispatcherServlet - Completed initialization in 1 ms
00:20:16.157 [http-nio-8999-exec-1] INFO  c.alibaba.druid.pool.DruidDataSource - {dataSource-4} inited
00:24:02.604 [Thread-53] INFO  c.alibaba.druid.pool.DruidDataSource - {dataSource-4} closing ...
00:24:02.605 [Thread-53] INFO  c.alibaba.druid.pool.DruidDataSource - {dataSource-4} closed
00:24:03.201 [restartedMain] INFO  cn.enncy.funny.FunnyApplication - Starting FunnyApplication using Java 1.8.0_281 on LAPTOP-39475F8U with PID 27116 (E:\IDEA\Project\funny\target\classes started by ASUS in E:\IDEA\Project\funny)
00:24:03.201 [restartedMain] INFO  cn.enncy.funny.FunnyApplication - The following profiles are active: dev
00:24:04.483 [restartedMain] INFO  o.s.b.w.e.tomcat.TomcatWebServer - Tomcat initialized with port(s): 8999 (http)
00:24:04.484 [restartedMain] INFO  o.a.coyote.http11.Http11NioProtocol - Initializing ProtocolHandler ["http-nio-8999"]
00:24:04.484 [restartedMain] INFO  o.a.catalina.core.StandardService - Starting service [Tomcat]
00:24:04.484 [restartedMain] INFO  o.a.catalina.core.StandardEngine - Starting Servlet engine: [Apache Tomcat/9.0.50]
00:24:04.517 [restartedMain] INFO  o.a.c.c.C.[Tomcat-2].[localhost].[/] - Initializing Spring embedded WebApplicationContext
00:24:04.518 [restartedMain] INFO  o.s.b.w.s.c.ServletWebServerApplicationContext - Root WebApplicationContext: initialization completed in 1312 ms
00:24:06.049 [restartedMain] INFO  o.s.s.web.DefaultSecurityFilterChain - Will secure any request with [org.springframework.security.web.context.request.async.WebAsyncManagerIntegrationFilter@2a58c85d, org.springframework.security.web.context.SecurityContextPersistenceFilter@1245871a, org.springframework.security.web.header.HeaderWriterFilter@154a1788, org.springframework.security.web.authentication.logout.LogoutFilter@7877eb1, org.springframework.security.web.authentication.UsernamePasswordAuthenticationFilter@54b401a9, org.springframework.security.web.authentication.ui.DefaultLoginPageGeneratingFilter@65d1776a, org.springframework.security.web.authentication.ui.DefaultLogoutPageGeneratingFilter@1c34b648, org.springframework.security.web.savedrequest.RequestCacheAwareFilter@7fe465b3, org.springframework.security.web.servletapi.SecurityContextHolderAwareRequestFilter@3a57cb90, org.springframework.security.web.authentication.AnonymousAuthenticationFilter@1cdbdad7, org.springframework.security.web.session.SessionManagementFilter@204ff2d2, org.springframework.security.web.access.ExceptionTranslationFilter@1fee545d, org.springframework.security.web.access.intercept.FilterSecurityInterceptor@5aab4899]
00:24:06.175 [restartedMain] INFO  o.s.b.d.a.OptionalLiveReloadServer - LiveReload server is running on port 35729
00:24:06.407 [restartedMain] INFO  o.a.coyote.http11.Http11NioProtocol - Starting ProtocolHandler ["http-nio-8999"]
00:24:06.413 [restartedMain] INFO  o.s.b.w.e.tomcat.TomcatWebServer - Tomcat started on port(s): 8999 (http) with context path ''
00:24:06.558 [restartedMain] INFO  cn.enncy.funny.FunnyApplication - Started FunnyApplication in 3.397 seconds (JVM running for 4202.878)
00:24:06.560 [restartedMain] INFO  o.s.b.d.a.ConditionEvaluationDeltaLoggingListener - Condition evaluation unchanged
00:29:03.191 [http-nio-8999-exec-1] INFO  o.a.c.c.C.[Tomcat-2].[localhost].[/] - Initializing Spring DispatcherServlet 'dispatcherServlet'
00:29:03.193 [http-nio-8999-exec-1] INFO  o.s.web.servlet.DispatcherServlet - Initializing Servlet 'dispatcherServlet'
00:29:03.197 [http-nio-8999-exec-1] INFO  o.s.web.servlet.DispatcherServlet - Completed initialization in 4 ms
00:30:06.230 [SpringApplicationShutdownHook] INFO  c.alibaba.druid.pool.DruidDataSource - {dataSource-0} closing ...
00:30:13.529 [restartedMain] INFO  cn.enncy.funny.FunnyApplication - Starting FunnyApplication using Java 1.8.0_281 on LAPTOP-39475F8U with PID 24176 (E:\IDEA\Project\funny\target\classes started by ASUS in E:\IDEA\Project\funny)
00:30:13.535 [restartedMain] INFO  cn.enncy.funny.FunnyApplication - The following profiles are active: dev
00:30:13.643 [restartedMain] INFO  o.s.b.d.e.DevToolsPropertyDefaultsPostProcessor - Devtools property defaults active! Set 'spring.devtools.add-properties' to 'false' to disable
00:30:13.643 [restartedMain] INFO  o.s.b.d.e.DevToolsPropertyDefaultsPostProcessor - For additional web related logging consider setting the 'logging.level.web' property to 'DEBUG'
00:30:16.771 [restartedMain] INFO  o.s.b.w.e.tomcat.TomcatWebServer - Tomcat initialized with port(s): 8999 (http)
00:30:16.790 [restartedMain] INFO  o.a.coyote.http11.Http11NioProtocol - Initializing ProtocolHandler ["http-nio-8999"]
00:30:16.791 [restartedMain] INFO  o.a.catalina.core.StandardService - Starting service [Tomcat]
00:30:16.791 [restartedMain] INFO  o.a.catalina.core.StandardEngine - Starting Servlet engine: [Apache Tomcat/9.0.50]
00:30:16.966 [restartedMain] INFO  o.a.c.c.C.[Tomcat].[localhost].[/] - Initializing Spring embedded WebApplicationContext
00:30:16.966 [restartedMain] INFO  o.s.b.w.s.c.ServletWebServerApplicationContext - Root WebApplicationContext: initialization completed in 3322 ms
00:30:19.421 [restartedMain] INFO  o.s.s.web.DefaultSecurityFilterChain - Will secure any request with [org.springframework.security.web.context.request.async.WebAsyncManagerIntegrationFilter@6b84849c, org.springframework.security.web.context.SecurityContextPersistenceFilter@4da1be10, org.springframework.security.web.header.HeaderWriterFilter@52e97be6, org.springframework.security.web.authentication.logout.LogoutFilter@4df048d2, org.springframework.security.web.authentication.UsernamePasswordAuthenticationFilter@191a35ef, org.springframework.security.web.authentication.ui.DefaultLoginPageGeneratingFilter@d90a79d, org.springframework.security.web.authentication.ui.DefaultLogoutPageGeneratingFilter@294a5173, org.springframework.security.web.savedrequest.RequestCacheAwareFilter@657497b5, org.springframework.security.web.servletapi.SecurityContextHolderAwareRequestFilter@621e4a54, org.springframework.security.web.authentication.AnonymousAuthenticationFilter@548379b, org.springframework.security.web.session.SessionManagementFilter@3fe44b54, org.springframework.security.web.access.ExceptionTranslationFilter@fcd22, org.springframework.security.web.access.intercept.FilterSecurityInterceptor@6fa4fb60]
00:30:19.661 [restartedMain] INFO  o.s.b.d.a.OptionalLiveReloadServer - LiveReload server is running on port 35729
00:30:19.961 [restartedMain] INFO  o.a.coyote.http11.Http11NioProtocol - Starting ProtocolHandler ["http-nio-8999"]
00:30:19.982 [restartedMain] INFO  o.s.b.w.e.tomcat.TomcatWebServer - Tomcat started on port(s): 8999 (http) with context path ''
00:30:20.382 [restartedMain] INFO  cn.enncy.funny.FunnyApplication - Started FunnyApplication in 7.768 seconds (JVM running for 10.877)
00:30:29.159 [http-nio-8999-exec-1] INFO  o.a.c.c.C.[Tomcat].[localhost].[/] - Initializing Spring DispatcherServlet 'dispatcherServlet'
00:30:29.159 [http-nio-8999-exec-1] INFO  o.s.web.servlet.DispatcherServlet - Initializing Servlet 'dispatcherServlet'
00:30:29.161 [http-nio-8999-exec-1] INFO  o.s.web.servlet.DispatcherServlet - Completed initialization in 2 ms
00:30:34.196 [http-nio-8999-exec-4] INFO  c.alibaba.druid.pool.DruidDataSource - {dataSource-1} inited
00:36:25.203 [Thread-18] INFO  c.alibaba.druid.pool.DruidDataSource - {dataSource-1} closing ...
00:36:25.210 [Thread-18] INFO  c.alibaba.druid.pool.DruidDataSource - {dataSource-1} closed
00:36:25.574 [restartedMain] INFO  cn.enncy.funny.FunnyApplication - Starting FunnyApplication using Java 1.8.0_281 on LAPTOP-39475F8U with PID 24176 (E:\IDEA\Project\funny\target\classes started by ASUS in E:\IDEA\Project\funny)
00:36:25.575 [restartedMain] INFO  cn.enncy.funny.FunnyApplication - The following profiles are active: dev
00:36:26.448 [restartedMain] INFO  o.s.b.w.e.tomcat.TomcatWebServer - Tomcat initialized with port(s): 8999 (http)
00:36:26.449 [restartedMain] INFO  o.a.coyote.http11.Http11NioProtocol - Initializing ProtocolHandler ["http-nio-8999"]
00:36:26.449 [restartedMain] INFO  o.a.catalina.core.StandardService - Starting service [Tomcat]
00:36:26.450 [restartedMain] INFO  o.a.catalina.core.StandardEngine - Starting Servlet engine: [Apache Tomcat/9.0.50]
00:36:26.484 [restartedMain] INFO  o.a.c.c.C.[Tomcat].[localhost].[/] - Initializing Spring embedded WebApplicationContext
00:36:26.484 [restartedMain] INFO  o.s.b.w.s.c.ServletWebServerApplicationContext - Root WebApplicationContext: initialization completed in 906 ms
00:36:27.668 [restartedMain] INFO  o.s.s.web.DefaultSecurityFilterChain - Will secure any request with [org.springframework.security.web.context.request.async.WebAsyncManagerIntegrationFilter@841745c, org.springframework.security.web.context.SecurityContextPersistenceFilter@5c8b7306, org.springframework.security.web.header.HeaderWriterFilter@3bb10de5, org.springframework.security.web.authentication.logout.LogoutFilter@12e80b9c, org.springframework.security.web.authentication.UsernamePasswordAuthenticationFilter@2457352f, org.springframework.security.web.authentication.ui.DefaultLoginPageGeneratingFilter@6454fa50, org.springframework.security.web.authentication.ui.DefaultLogoutPageGeneratingFilter@443013a6, org.springframework.security.web.savedrequest.RequestCacheAwareFilter@3e59f013, org.springframework.security.web.servletapi.SecurityContextHolderAwareRequestFilter@d340c18, org.springframework.security.web.authentication.AnonymousAuthenticationFilter@6a40f793, org.springframework.security.web.session.SessionManagementFilter@2fd6e80, org.springframework.security.web.access.ExceptionTranslationFilter@6c71c82c, org.springframework.security.web.access.intercept.FilterSecurityInterceptor@7b8aaa91]
00:36:27.782 [restartedMain] INFO  o.s.b.d.a.OptionalLiveReloadServer - LiveReload server is running on port 35729
00:36:27.947 [restartedMain] INFO  o.a.coyote.http11.Http11NioProtocol - Starting ProtocolHandler ["http-nio-8999"]
00:36:27.953 [restartedMain] INFO  o.s.b.w.e.tomcat.TomcatWebServer - Tomcat started on port(s): 8999 (http) with context path ''
00:36:28.232 [restartedMain] INFO  cn.enncy.funny.FunnyApplication - Started FunnyApplication in 2.712 seconds (JVM running for 378.727)
00:36:28.237 [restartedMain] INFO  o.s.b.d.a.ConditionEvaluationDeltaLoggingListener - Condition evaluation unchanged
00:36:29.858 [Thread-26] INFO  c.alibaba.druid.pool.DruidDataSource - {dataSource-0} closing ...
00:36:30.088 [restartedMain] INFO  cn.enncy.funny.FunnyApplication - Starting FunnyApplication using Java 1.8.0_281 on LAPTOP-39475F8U with PID 24176 (E:\IDEA\Project\funny\target\classes started by ASUS in E:\IDEA\Project\funny)
00:36:30.088 [restartedMain] INFO  cn.enncy.funny.FunnyApplication - The following profiles are active: dev
00:36:30.601 [restartedMain] INFO  o.s.b.w.e.tomcat.TomcatWebServer - Tomcat initialized with port(s): 8999 (http)
00:36:30.602 [restartedMain] INFO  o.a.coyote.http11.Http11NioProtocol - Initializing ProtocolHandler ["http-nio-8999"]
00:36:30.602 [restartedMain] INFO  o.a.catalina.core.StandardService - Starting service [Tomcat]
00:36:30.602 [restartedMain] INFO  o.a.catalina.core.StandardEngine - Starting Servlet engine: [Apache Tomcat/9.0.50]
00:36:30.630 [restartedMain] INFO  o.a.c.c.C.[Tomcat].[localhost].[/] - Initializing Spring embedded WebApplicationContext
00:36:30.630 [restartedMain] INFO  o.s.b.w.s.c.ServletWebServerApplicationContext - Root WebApplicationContext: initialization completed in 539 ms
00:36:31.546 [restartedMain] INFO  o.s.s.web.DefaultSecurityFilterChain - Will secure any request with [org.springframework.security.web.context.request.async.WebAsyncManagerIntegrationFilter@3d93efc7, org.springframework.security.web.context.SecurityContextPersistenceFilter@df58b7, org.springframework.security.web.header.HeaderWriterFilter@5eff0ce2, org.springframework.security.web.authentication.logout.LogoutFilter@6bf5425, org.springframework.security.web.authentication.UsernamePasswordAuthenticationFilter@213ee2f8, org.springframework.security.web.authentication.ui.DefaultLoginPageGeneratingFilter@68bf487f, org.springframework.security.web.authentication.ui.DefaultLogoutPageGeneratingFilter@4e9ce1c7, org.springframework.security.web.savedrequest.RequestCacheAwareFilter@479a7ddc, org.springframework.security.web.servletapi.SecurityContextHolderAwareRequestFilter@6124e1d1, org.springframework.security.web.authentication.AnonymousAuthenticationFilter@68c6af57, org.springframework.security.web.session.SessionManagementFilter@576bcf2d, org.springframework.security.web.access.ExceptionTranslationFilter@7780f47, org.springframework.security.web.access.intercept.FilterSecurityInterceptor@19a7fb78]
00:36:31.625 [restartedMain] INFO  o.s.b.d.a.OptionalLiveReloadServer - LiveReload server is running on port 35729
00:36:31.765 [restartedMain] INFO  o.a.coyote.http11.Http11NioProtocol - Starting ProtocolHandler ["http-nio-8999"]
00:36:31.770 [restartedMain] INFO  o.s.b.w.e.tomcat.TomcatWebServer - Tomcat started on port(s): 8999 (http) with context path ''
00:36:31.910 [restartedMain] INFO  cn.enncy.funny.FunnyApplication - Started FunnyApplication in 1.86 seconds (JVM running for 382.405)
00:36:31.912 [restartedMain] INFO  o.s.b.d.a.ConditionEvaluationDeltaLoggingListener - Condition evaluation unchanged
00:38:38.748 [Thread-30] INFO  c.alibaba.druid.pool.DruidDataSource - {dataSource-0} closing ...
00:38:39.133 [restartedMain] INFO  cn.enncy.funny.FunnyApplication - Starting FunnyApplication using Java 1.8.0_281 on LAPTOP-39475F8U with PID 24176 (E:\IDEA\Project\funny\target\classes started by ASUS in E:\IDEA\Project\funny)
00:38:39.133 [restartedMain] INFO  cn.enncy.funny.FunnyApplication - The following profiles are active: dev
00:38:40.112 [restartedMain] INFO  o.s.b.w.e.tomcat.TomcatWebServer - Tomcat initialized with port(s): 8999 (http)
00:38:40.113 [restartedMain] INFO  o.a.coyote.http11.Http11NioProtocol - Initializing ProtocolHandler ["http-nio-8999"]
00:38:40.113 [restartedMain] INFO  o.a.catalina.core.StandardService - Starting service [Tomcat]
00:38:40.113 [restartedMain] INFO  o.a.catalina.core.StandardEngine - Starting Servlet engine: [Apache Tomcat/9.0.50]
00:38:40.141 [restartedMain] INFO  o.a.c.c.C.[Tomcat].[localhost].[/] - Initializing Spring embedded WebApplicationContext
00:38:40.141 [restartedMain] INFO  o.s.b.w.s.c.ServletWebServerApplicationContext - Root WebApplicationContext: initialization completed in 1003 ms
00:38:41.482 [restartedMain] INFO  o.s.s.web.DefaultSecurityFilterChain - Will secure any request with [org.springframework.security.web.context.request.async.WebAsyncManagerIntegrationFilter@13ad794a, org.springframework.security.web.context.SecurityContextPersistenceFilter@40502ca5, org.springframework.security.web.header.HeaderWriterFilter@4bf2ac23, org.springframework.security.web.authentication.logout.LogoutFilter@78677836, org.springframework.security.web.authentication.UsernamePasswordAuthenticationFilter@5a337352, org.springframework.security.web.authentication.ui.DefaultLoginPageGeneratingFilter@6737b963, org.springframework.security.web.authentication.ui.DefaultLogoutPageGeneratingFilter@323869c3, org.springframework.security.web.savedrequest.RequestCacheAwareFilter@1c684258, org.springframework.security.web.servletapi.SecurityContextHolderAwareRequestFilter@42a56642, org.springframework.security.web.authentication.AnonymousAuthenticationFilter@68efcd49, org.springframework.security.web.session.SessionManagementFilter@1bf7c815, org.springframework.security.web.access.ExceptionTranslationFilter@6137ba65, org.springframework.security.web.access.intercept.FilterSecurityInterceptor@6ff6bf62]
00:38:41.626 [restartedMain] INFO  o.s.b.d.a.OptionalLiveReloadServer - LiveReload server is running on port 35729
00:38:41.815 [restartedMain] INFO  o.a.coyote.http11.Http11NioProtocol - Starting ProtocolHandler ["http-nio-8999"]
00:38:41.826 [restartedMain] INFO  o.s.b.w.e.tomcat.TomcatWebServer - Tomcat started on port(s): 8999 (http) with context path ''
00:38:42.001 [restartedMain] INFO  cn.enncy.funny.FunnyApplication - Started FunnyApplication in 2.931 seconds (JVM running for 512.496)
00:38:42.003 [restartedMain] INFO  o.s.b.d.a.ConditionEvaluationDeltaLoggingListener - Condition evaluation unchanged
00:38:44.144 [Thread-34] INFO  c.alibaba.druid.pool.DruidDataSource - {dataSource-0} closing ...
00:38:44.531 [restartedMain] INFO  cn.enncy.funny.FunnyApplication - Starting FunnyApplication using Java 1.8.0_281 on LAPTOP-39475F8U with PID 24176 (E:\IDEA\Project\funny\target\classes started by ASUS in E:\IDEA\Project\funny)
00:38:44.531 [restartedMain] INFO  cn.enncy.funny.FunnyApplication - The following profiles are active: dev
00:38:45.034 [restartedMain] INFO  o.s.b.w.e.tomcat.TomcatWebServer - Tomcat initialized with port(s): 8999 (http)
00:38:45.034 [restartedMain] INFO  o.a.coyote.http11.Http11NioProtocol - Initializing ProtocolHandler ["http-nio-8999"]
00:38:45.034 [restartedMain] INFO  o.a.catalina.core.StandardService - Starting service [Tomcat]
00:38:45.034 [restartedMain] INFO  o.a.catalina.core.StandardEngine - Starting Servlet engine: [Apache Tomcat/9.0.50]
00:38:45.058 [restartedMain] INFO  o.a.c.c.C.[Tomcat].[localhost].[/] - Initializing Spring embedded WebApplicationContext
00:38:45.059 [restartedMain] INFO  o.s.b.w.s.c.ServletWebServerApplicationContext - Root WebApplicationContext: initialization completed in 526 ms
00:38:45.934 [restartedMain] INFO  o.s.s.web.DefaultSecurityFilterChain - Will secure any request with [org.springframework.security.web.context.request.async.WebAsyncManagerIntegrationFilter@5cd77198, org.springframework.security.web.context.SecurityContextPersistenceFilter@d3a266b, org.springframework.security.web.header.HeaderWriterFilter@2b71e1b5, org.springframework.security.web.authentication.logout.LogoutFilter@549280dc, org.springframework.security.web.authentication.UsernamePasswordAuthenticationFilter@48d24231, org.springframework.security.web.authentication.ui.DefaultLoginPageGeneratingFilter@35c98023, org.springframework.security.web.authentication.ui.DefaultLogoutPageGeneratingFilter@2f3f1937, org.springframework.security.web.savedrequest.RequestCacheAwareFilter@6c8a372f, org.springframework.security.web.servletapi.SecurityContextHolderAwareRequestFilter@48520f42, org.springframework.security.web.authentication.AnonymousAuthenticationFilter@5802aea0, org.springframework.security.web.session.SessionManagementFilter@48a6a81b, org.springframework.security.web.access.ExceptionTranslationFilter@75cc1b2, org.springframework.security.web.access.intercept.FilterSecurityInterceptor@228aa818]
00:38:46.005 [restartedMain] INFO  o.s.b.d.a.OptionalLiveReloadServer - LiveReload server is running on port 35729
00:38:46.118 [restartedMain] INFO  o.a.coyote.http11.Http11NioProtocol - Starting ProtocolHandler ["http-nio-8999"]
00:38:46.123 [restartedMain] INFO  o.s.b.w.e.tomcat.TomcatWebServer - Tomcat started on port(s): 8999 (http) with context path ''
00:38:46.289 [restartedMain] INFO  cn.enncy.funny.FunnyApplication - Started FunnyApplication in 1.799 seconds (JVM running for 516.783)
00:38:46.290 [restartedMain] INFO  o.s.b.d.a.ConditionEvaluationDeltaLoggingListener - Condition evaluation unchanged
00:39:04.867 [http-nio-8999-exec-1] INFO  o.a.c.c.C.[Tomcat].[localhost].[/] - Initializing Spring DispatcherServlet 'dispatcherServlet'
00:39:04.868 [http-nio-8999-exec-1] INFO  o.s.web.servlet.DispatcherServlet - Initializing Servlet 'dispatcherServlet'
00:39:04.870 [http-nio-8999-exec-1] INFO  o.s.web.servlet.DispatcherServlet - Completed initialization in 2 ms
00:39:04.897 [http-nio-8999-exec-1] INFO  c.alibaba.druid.pool.DruidDataSource - {dataSource-2} inited
