19:59:12.210 [restartedMain] ERROR s.d.s.w.s.ApiDescriptionReader - Skipping process path[/user/get/one], method[selectById] as it has an error.
java.lang.NoClassDefFoundError: [Lcn/enncy/funny/constant/Role;
	at java.lang.Class.getDeclaredMethods0(Native Method)
	at java.lang.Class.privateGetDeclaredMethods(Class.java:2701)
	at java.lang.Class.getDeclaredMethods(Class.java:1975)
	at sun.reflect.annotation.AnnotationType$1.run(AnnotationType.java:112)
	at sun.reflect.annotation.AnnotationType$1.run(AnnotationType.java:109)
	at java.security.AccessController.doPrivileged(Native Method)
	at sun.reflect.annotation.AnnotationType.<init>(AnnotationType.java:109)
	at sun.reflect.annotation.AnnotationType.getInstance(AnnotationType.java:85)
	at sun.reflect.annotation.AnnotationParser.parseAnnotation2(AnnotationParser.java:266)
	at sun.reflect.annotation.AnnotationParser.parseAnnotations2(AnnotationParser.java:120)
	at sun.reflect.annotation.AnnotationParser.parseAnnotations(AnnotationParser.java:72)
	at java.lang.reflect.Executable.declaredAnnotations(Executable.java:599)
	at java.lang.reflect.Executable.declaredAnnotations(Executable.java:597)
	at java.lang.reflect.Executable.getAnnotation(Executable.java:570)
	at java.lang.reflect.Method.getAnnotation(Method.java:622)
	at java.lang.reflect.AccessibleObject.getDeclaredAnnotation(AccessibleObject.java:219)
	at org.springframework.core.annotation.AnnotationUtils.findAnnotation(AnnotationUtils.java:526)
	at springfox.documentation.spring.web.WebMvcRequestHandler.findAnnotation(WebMvcRequestHandler.java:123)
	at springfox.documentation.spi.service.contexts.RequestMappingContext.findAnnotation(RequestMappingContext.java:199)
	at springfox.documentation.spi.service.contexts.OperationContext.findAnnotation(OperationContext.java:182)
	at springfox.documentation.spring.web.readers.operation.OperationDeprecatedReader.apply(OperationDeprecatedReader.java:37)
	at springfox.documentation.spring.web.plugins.DocumentationPluginsManager.operation(DocumentationPluginsManager.java:144)
	at springfox.documentation.spring.web.readers.operation.ApiOperationReader.read(ApiOperationReader.java:72)
	at springfox.documentation.spring.web.scanners.CachingOperationReader.lambda$new$0(CachingOperationReader.java:43)
	at java.util.HashMap.computeIfAbsent(HashMap.java:1127)
	at springfox.documentation.spring.web.scanners.CachingOperationReader.read(CachingOperationReader.java:48)
	at springfox.documentation.spring.web.scanners.ApiDescriptionReader.read(ApiDescriptionReader.java:72)
	at springfox.documentation.spring.web.scanners.ApiListingScanner.scan(ApiListingScanner.java:169)
	at springfox.documentation.spring.web.scanners.ApiDocumentationScanner.scan(ApiDocumentationScanner.java:67)
	at springfox.documentation.spring.web.plugins.AbstractDocumentationPluginsBootstrapper.scanDocumentation(AbstractDocumentationPluginsBootstrapper.java:96)
	at springfox.documentation.spring.web.plugins.AbstractDocumentationPluginsBootstrapper.bootstrapDocumentationPlugins(AbstractDocumentationPluginsBootstrapper.java:82)
	at springfox.documentation.spring.web.plugins.DocumentationPluginsBootstrapper.start(DocumentationPluginsBootstrapper.java:100)
	at org.springframework.context.support.DefaultLifecycleProcessor.doStart(DefaultLifecycleProcessor.java:178)
	at org.springframework.context.support.DefaultLifecycleProcessor.access$200(DefaultLifecycleProcessor.java:54)
	at org.springframework.context.support.DefaultLifecycleProcessor$LifecycleGroup.start(DefaultLifecycleProcessor.java:356)
	at java.lang.Iterable.forEach(Iterable.java:75)
	at org.springframework.context.support.DefaultLifecycleProcessor.startBeans(DefaultLifecycleProcessor.java:155)
	at org.springframework.context.support.DefaultLifecycleProcessor.onRefresh(DefaultLifecycleProcessor.java:123)
	at org.springframework.context.support.AbstractApplicationContext.finishRefresh(AbstractApplicationContext.java:935)
	at org.springframework.context.support.AbstractApplicationContext.refresh(AbstractApplicationContext.java:586)
	at org.springframework.boot.web.servlet.context.ServletWebServerApplicationContext.refresh(ServletWebServerApplicationContext.java:145)
	at org.springframework.boot.SpringApplication.refresh(SpringApplication.java:754)
	at org.springframework.boot.SpringApplication.refreshContext(SpringApplication.java:434)
	at org.springframework.boot.SpringApplication.run(SpringApplication.java:338)
	at org.springframework.boot.SpringApplication.run(SpringApplication.java:1343)
	at org.springframework.boot.SpringApplication.run(SpringApplication.java:1332)
	at cn.enncy.funny.FunnyApplication.main(FunnyApplication.java:13)
	at sun.reflect.NativeMethodAccessorImpl.invoke0(Native Method)
	at sun.reflect.NativeMethodAccessorImpl.invoke(NativeMethodAccessorImpl.java:62)
	at sun.reflect.DelegatingMethodAccessorImpl.invoke(DelegatingMethodAccessorImpl.java:43)
	at java.lang.reflect.Method.invoke(Method.java:498)
	at org.springframework.boot.devtools.restart.RestartLauncher.run(RestartLauncher.java:49)
Caused by: java.lang.ClassNotFoundException: cn.enncy.funny.constant.Role
	at java.net.URLClassLoader.findClass(URLClassLoader.java:382)
	at java.lang.ClassLoader.loadClass(ClassLoader.java:418)
	at sun.misc.Launcher$AppClassLoader.loadClass(Launcher.java:355)
	at java.lang.ClassLoader.loadClass(ClassLoader.java:351)
	at java.lang.Class.forName0(Native Method)
	at java.lang.Class.forName(Class.java:348)
	at org.springframework.boot.devtools.restart.classloader.RestartClassLoader.loadClass(RestartClassLoader.java:145)
	at java.lang.ClassLoader.loadClass(ClassLoader.java:351)
	... 52 common frames omitted
19:59:12.214 [restartedMain] ERROR s.d.s.w.s.ApiDescriptionReader - Skipping process path[/user/count], method[count] as it has an error.
java.lang.NoClassDefFoundError: [Lcn/enncy/funny/constant/Role;
	at java.lang.Class.getDeclaredMethods0(Native Method)
	at java.lang.Class.privateGetDeclaredMethods(Class.java:2701)
	at java.lang.Class.getDeclaredMethods(Class.java:1975)
	at sun.reflect.annotation.AnnotationType$1.run(AnnotationType.java:112)
	at sun.reflect.annotation.AnnotationType$1.run(AnnotationType.java:109)
	at java.security.AccessController.doPrivileged(Native Method)
	at sun.reflect.annotation.AnnotationType.<init>(AnnotationType.java:109)
	at sun.reflect.annotation.AnnotationType.getInstance(AnnotationType.java:85)
	at sun.reflect.annotation.AnnotationParser.parseAnnotation2(AnnotationParser.java:266)
	at sun.reflect.annotation.AnnotationParser.parseAnnotations2(AnnotationParser.java:120)
	at sun.reflect.annotation.AnnotationParser.parseAnnotations(AnnotationParser.java:72)
	at java.lang.reflect.Executable.declaredAnnotations(Executable.java:599)
	at java.lang.reflect.Executable.declaredAnnotations(Executable.java:597)
	at java.lang.reflect.Executable.getAnnotation(Executable.java:570)
	at java.lang.reflect.Method.getAnnotation(Method.java:622)
	at java.lang.reflect.AccessibleObject.getDeclaredAnnotation(AccessibleObject.java:219)
	at org.springframework.core.annotation.AnnotationUtils.findAnnotation(AnnotationUtils.java:526)
	at springfox.documentation.spring.web.WebMvcRequestHandler.findAnnotation(WebMvcRequestHandler.java:123)
	at springfox.documentation.spi.service.contexts.RequestMappingContext.findAnnotation(RequestMappingContext.java:199)
	at springfox.documentation.spi.service.contexts.OperationContext.findAnnotation(OperationContext.java:182)
	at springfox.documentation.spring.web.readers.operation.OperationDeprecatedReader.apply(OperationDeprecatedReader.java:37)
	at springfox.documentation.spring.web.plugins.DocumentationPluginsManager.operation(DocumentationPluginsManager.java:144)
	at springfox.documentation.spring.web.readers.operation.ApiOperationReader.read(ApiOperationReader.java:72)
	at springfox.documentation.spring.web.scanners.CachingOperationReader.lambda$new$0(CachingOperationReader.java:43)
	at java.util.HashMap.computeIfAbsent(HashMap.java:1127)
	at springfox.documentation.spring.web.scanners.CachingOperationReader.read(CachingOperationReader.java:48)
	at springfox.documentation.spring.web.scanners.ApiDescriptionReader.read(ApiDescriptionReader.java:72)
	at springfox.documentation.spring.web.scanners.ApiListingScanner.scan(ApiListingScanner.java:169)
	at springfox.documentation.spring.web.scanners.ApiDocumentationScanner.scan(ApiDocumentationScanner.java:67)
	at springfox.documentation.spring.web.plugins.AbstractDocumentationPluginsBootstrapper.scanDocumentation(AbstractDocumentationPluginsBootstrapper.java:96)
	at springfox.documentation.spring.web.plugins.AbstractDocumentationPluginsBootstrapper.bootstrapDocumentationPlugins(AbstractDocumentationPluginsBootstrapper.java:82)
	at springfox.documentation.spring.web.plugins.DocumentationPluginsBootstrapper.start(DocumentationPluginsBootstrapper.java:100)
	at org.springframework.context.support.DefaultLifecycleProcessor.doStart(DefaultLifecycleProcessor.java:178)
	at org.springframework.context.support.DefaultLifecycleProcessor.access$200(DefaultLifecycleProcessor.java:54)
	at org.springframework.context.support.DefaultLifecycleProcessor$LifecycleGroup.start(DefaultLifecycleProcessor.java:356)
	at java.lang.Iterable.forEach(Iterable.java:75)
	at org.springframework.context.support.DefaultLifecycleProcessor.startBeans(DefaultLifecycleProcessor.java:155)
	at org.springframework.context.support.DefaultLifecycleProcessor.onRefresh(DefaultLifecycleProcessor.java:123)
	at org.springframework.context.support.AbstractApplicationContext.finishRefresh(AbstractApplicationContext.java:935)
	at org.springframework.context.support.AbstractApplicationContext.refresh(AbstractApplicationContext.java:586)
	at org.springframework.boot.web.servlet.context.ServletWebServerApplicationContext.refresh(ServletWebServerApplicationContext.java:145)
	at org.springframework.boot.SpringApplication.refresh(SpringApplication.java:754)
	at org.springframework.boot.SpringApplication.refreshContext(SpringApplication.java:434)
	at org.springframework.boot.SpringApplication.run(SpringApplication.java:338)
	at org.springframework.boot.SpringApplication.run(SpringApplication.java:1343)
	at org.springframework.boot.SpringApplication.run(SpringApplication.java:1332)
	at cn.enncy.funny.FunnyApplication.main(FunnyApplication.java:13)
	at sun.reflect.NativeMethodAccessorImpl.invoke0(Native Method)
	at sun.reflect.NativeMethodAccessorImpl.invoke(NativeMethodAccessorImpl.java:62)
	at sun.reflect.DelegatingMethodAccessorImpl.invoke(DelegatingMethodAccessorImpl.java:43)
	at java.lang.reflect.Method.invoke(Method.java:498)
	at org.springframework.boot.devtools.restart.RestartLauncher.run(RestartLauncher.java:49)
Caused by: java.lang.ClassNotFoundException: cn.enncy.funny.constant.Role
	at java.net.URLClassLoader.findClass(URLClassLoader.java:382)
	at java.lang.ClassLoader.loadClass(ClassLoader.java:418)
	at sun.misc.Launcher$AppClassLoader.loadClass(Launcher.java:355)
	at java.lang.ClassLoader.loadClass(ClassLoader.java:351)
	at java.lang.Class.forName0(Native Method)
	at java.lang.Class.forName(Class.java:348)
	at org.springframework.boot.devtools.restart.classloader.RestartClassLoader.loadClass(RestartClassLoader.java:145)
	at java.lang.ClassLoader.loadClass(ClassLoader.java:351)
	... 52 common frames omitted
19:59:12.224 [restartedMain] ERROR s.d.s.w.s.ApiDescriptionReader - Skipping process path[/user/get/all], method[selectAll] as it has an error.
java.lang.NoClassDefFoundError: [Lcn/enncy/funny/constant/Role;
	at java.lang.Class.getDeclaredMethods0(Native Method)
	at java.lang.Class.privateGetDeclaredMethods(Class.java:2701)
	at java.lang.Class.getDeclaredMethods(Class.java:1975)
	at sun.reflect.annotation.AnnotationType$1.run(AnnotationType.java:112)
	at sun.reflect.annotation.AnnotationType$1.run(AnnotationType.java:109)
	at java.security.AccessController.doPrivileged(Native Method)
	at sun.reflect.annotation.AnnotationType.<init>(AnnotationType.java:109)
	at sun.reflect.annotation.AnnotationType.getInstance(AnnotationType.java:85)
	at sun.reflect.annotation.AnnotationParser.parseAnnotation2(AnnotationParser.java:266)
	at sun.reflect.annotation.AnnotationParser.parseAnnotations2(AnnotationParser.java:120)
	at sun.reflect.annotation.AnnotationParser.parseAnnotations(AnnotationParser.java:72)
	at java.lang.reflect.Executable.declaredAnnotations(Executable.java:599)
	at java.lang.reflect.Executable.declaredAnnotations(Executable.java:597)
	at java.lang.reflect.Executable.getAnnotation(Executable.java:570)
	at java.lang.reflect.Method.getAnnotation(Method.java:622)
	at java.lang.reflect.AccessibleObject.getDeclaredAnnotation(AccessibleObject.java:219)
	at org.springframework.core.annotation.AnnotationUtils.findAnnotation(AnnotationUtils.java:526)
	at springfox.documentation.spring.web.WebMvcRequestHandler.findAnnotation(WebMvcRequestHandler.java:123)
	at springfox.documentation.spi.service.contexts.RequestMappingContext.findAnnotation(RequestMappingContext.java:199)
	at springfox.documentation.spi.service.contexts.OperationContext.findAnnotation(OperationContext.java:182)
	at springfox.documentation.spring.web.readers.operation.OperationDeprecatedReader.apply(OperationDeprecatedReader.java:37)
	at springfox.documentation.spring.web.plugins.DocumentationPluginsManager.operation(DocumentationPluginsManager.java:144)
	at springfox.documentation.spring.web.readers.operation.ApiOperationReader.read(ApiOperationReader.java:72)
	at springfox.documentation.spring.web.scanners.CachingOperationReader.lambda$new$0(CachingOperationReader.java:43)
	at java.util.HashMap.computeIfAbsent(HashMap.java:1127)
	at springfox.documentation.spring.web.scanners.CachingOperationReader.read(CachingOperationReader.java:48)
	at springfox.documentation.spring.web.scanners.ApiDescriptionReader.read(ApiDescriptionReader.java:72)
	at springfox.documentation.spring.web.scanners.ApiListingScanner.scan(ApiListingScanner.java:169)
	at springfox.documentation.spring.web.scanners.ApiDocumentationScanner.scan(ApiDocumentationScanner.java:67)
	at springfox.documentation.spring.web.plugins.AbstractDocumentationPluginsBootstrapper.scanDocumentation(AbstractDocumentationPluginsBootstrapper.java:96)
	at springfox.documentation.spring.web.plugins.AbstractDocumentationPluginsBootstrapper.bootstrapDocumentationPlugins(AbstractDocumentationPluginsBootstrapper.java:82)
	at springfox.documentation.spring.web.plugins.DocumentationPluginsBootstrapper.start(DocumentationPluginsBootstrapper.java:100)
	at org.springframework.context.support.DefaultLifecycleProcessor.doStart(DefaultLifecycleProcessor.java:178)
	at org.springframework.context.support.DefaultLifecycleProcessor.access$200(DefaultLifecycleProcessor.java:54)
	at org.springframework.context.support.DefaultLifecycleProcessor$LifecycleGroup.start(DefaultLifecycleProcessor.java:356)
	at java.lang.Iterable.forEach(Iterable.java:75)
	at org.springframework.context.support.DefaultLifecycleProcessor.startBeans(DefaultLifecycleProcessor.java:155)
	at org.springframework.context.support.DefaultLifecycleProcessor.onRefresh(DefaultLifecycleProcessor.java:123)
	at org.springframework.context.support.AbstractApplicationContext.finishRefresh(AbstractApplicationContext.java:935)
	at org.springframework.context.support.AbstractApplicationContext.refresh(AbstractApplicationContext.java:586)
	at org.springframework.boot.web.servlet.context.ServletWebServerApplicationContext.refresh(ServletWebServerApplicationContext.java:145)
	at org.springframework.boot.SpringApplication.refresh(SpringApplication.java:754)
	at org.springframework.boot.SpringApplication.refreshContext(SpringApplication.java:434)
	at org.springframework.boot.SpringApplication.run(SpringApplication.java:338)
	at org.springframework.boot.SpringApplication.run(SpringApplication.java:1343)
	at org.springframework.boot.SpringApplication.run(SpringApplication.java:1332)
	at cn.enncy.funny.FunnyApplication.main(FunnyApplication.java:13)
	at sun.reflect.NativeMethodAccessorImpl.invoke0(Native Method)
	at sun.reflect.NativeMethodAccessorImpl.invoke(NativeMethodAccessorImpl.java:62)
	at sun.reflect.DelegatingMethodAccessorImpl.invoke(DelegatingMethodAccessorImpl.java:43)
	at java.lang.reflect.Method.invoke(Method.java:498)
	at org.springframework.boot.devtools.restart.RestartLauncher.run(RestartLauncher.java:49)
Caused by: java.lang.ClassNotFoundException: cn.enncy.funny.constant.Role
	at java.net.URLClassLoader.findClass(URLClassLoader.java:382)
	at java.lang.ClassLoader.loadClass(ClassLoader.java:418)
	at sun.misc.Launcher$AppClassLoader.loadClass(Launcher.java:355)
	at java.lang.ClassLoader.loadClass(ClassLoader.java:351)
	at java.lang.Class.forName0(Native Method)
	at java.lang.Class.forName(Class.java:348)
	at org.springframework.boot.devtools.restart.classloader.RestartClassLoader.loadClass(RestartClassLoader.java:145)
	at java.lang.ClassLoader.loadClass(ClassLoader.java:351)
	... 52 common frames omitted
19:59:12.229 [restartedMain] ERROR s.d.s.w.s.ApiDescriptionReader - Skipping process path[/user/get/page], method[selectPage] as it has an error.
java.lang.NoClassDefFoundError: [Lcn/enncy/funny/constant/Role;
	at java.lang.Class.getDeclaredMethods0(Native Method)
	at java.lang.Class.privateGetDeclaredMethods(Class.java:2701)
	at java.lang.Class.getDeclaredMethods(Class.java:1975)
	at sun.reflect.annotation.AnnotationType$1.run(AnnotationType.java:112)
	at sun.reflect.annotation.AnnotationType$1.run(AnnotationType.java:109)
	at java.security.AccessController.doPrivileged(Native Method)
	at sun.reflect.annotation.AnnotationType.<init>(AnnotationType.java:109)
	at sun.reflect.annotation.AnnotationType.getInstance(AnnotationType.java:85)
	at sun.reflect.annotation.AnnotationParser.parseAnnotation2(AnnotationParser.java:266)
	at sun.reflect.annotation.AnnotationParser.parseAnnotations2(AnnotationParser.java:120)
	at sun.reflect.annotation.AnnotationParser.parseAnnotations(AnnotationParser.java:72)
	at java.lang.reflect.Executable.declaredAnnotations(Executable.java:599)
	at java.lang.reflect.Executable.declaredAnnotations(Executable.java:597)
	at java.lang.reflect.Executable.getAnnotation(Executable.java:570)
	at java.lang.reflect.Method.getAnnotation(Method.java:622)
	at java.lang.reflect.AccessibleObject.getDeclaredAnnotation(AccessibleObject.java:219)
	at org.springframework.core.annotation.AnnotationUtils.findAnnotation(AnnotationUtils.java:526)
	at springfox.documentation.spring.web.WebMvcRequestHandler.findAnnotation(WebMvcRequestHandler.java:123)
	at springfox.documentation.spi.service.contexts.RequestMappingContext.findAnnotation(RequestMappingContext.java:199)
	at springfox.documentation.spi.service.contexts.OperationContext.findAnnotation(OperationContext.java:182)
	at springfox.documentation.spring.web.readers.operation.OperationDeprecatedReader.apply(OperationDeprecatedReader.java:37)
	at springfox.documentation.spring.web.plugins.DocumentationPluginsManager.operation(DocumentationPluginsManager.java:144)
	at springfox.documentation.spring.web.readers.operation.ApiOperationReader.read(ApiOperationReader.java:72)
	at springfox.documentation.spring.web.scanners.CachingOperationReader.lambda$new$0(CachingOperationReader.java:43)
	at java.util.HashMap.computeIfAbsent(HashMap.java:1127)
	at springfox.documentation.spring.web.scanners.CachingOperationReader.read(CachingOperationReader.java:48)
	at springfox.documentation.spring.web.scanners.ApiDescriptionReader.read(ApiDescriptionReader.java:72)
	at springfox.documentation.spring.web.scanners.ApiListingScanner.scan(ApiListingScanner.java:169)
	at springfox.documentation.spring.web.scanners.ApiDocumentationScanner.scan(ApiDocumentationScanner.java:67)
	at springfox.documentation.spring.web.plugins.AbstractDocumentationPluginsBootstrapper.scanDocumentation(AbstractDocumentationPluginsBootstrapper.java:96)
	at springfox.documentation.spring.web.plugins.AbstractDocumentationPluginsBootstrapper.bootstrapDocumentationPlugins(AbstractDocumentationPluginsBootstrapper.java:82)
	at springfox.documentation.spring.web.plugins.DocumentationPluginsBootstrapper.start(DocumentationPluginsBootstrapper.java:100)
	at org.springframework.context.support.DefaultLifecycleProcessor.doStart(DefaultLifecycleProcessor.java:178)
	at org.springframework.context.support.DefaultLifecycleProcessor.access$200(DefaultLifecycleProcessor.java:54)
	at org.springframework.context.support.DefaultLifecycleProcessor$LifecycleGroup.start(DefaultLifecycleProcessor.java:356)
	at java.lang.Iterable.forEach(Iterable.java:75)
	at org.springframework.context.support.DefaultLifecycleProcessor.startBeans(DefaultLifecycleProcessor.java:155)
	at org.springframework.context.support.DefaultLifecycleProcessor.onRefresh(DefaultLifecycleProcessor.java:123)
	at org.springframework.context.support.AbstractApplicationContext.finishRefresh(AbstractApplicationContext.java:935)
	at org.springframework.context.support.AbstractApplicationContext.refresh(AbstractApplicationContext.java:586)
	at org.springframework.boot.web.servlet.context.ServletWebServerApplicationContext.refresh(ServletWebServerApplicationContext.java:145)
	at org.springframework.boot.SpringApplication.refresh(SpringApplication.java:754)
	at org.springframework.boot.SpringApplication.refreshContext(SpringApplication.java:434)
	at org.springframework.boot.SpringApplication.run(SpringApplication.java:338)
	at org.springframework.boot.SpringApplication.run(SpringApplication.java:1343)
	at org.springframework.boot.SpringApplication.run(SpringApplication.java:1332)
	at cn.enncy.funny.FunnyApplication.main(FunnyApplication.java:13)
	at sun.reflect.NativeMethodAccessorImpl.invoke0(Native Method)
	at sun.reflect.NativeMethodAccessorImpl.invoke(NativeMethodAccessorImpl.java:62)
	at sun.reflect.DelegatingMethodAccessorImpl.invoke(DelegatingMethodAccessorImpl.java:43)
	at java.lang.reflect.Method.invoke(Method.java:498)
	at org.springframework.boot.devtools.restart.RestartLauncher.run(RestartLauncher.java:49)
Caused by: java.lang.ClassNotFoundException: cn.enncy.funny.constant.Role
	at java.net.URLClassLoader.findClass(URLClassLoader.java:382)
	at java.lang.ClassLoader.loadClass(ClassLoader.java:418)
	at sun.misc.Launcher$AppClassLoader.loadClass(Launcher.java:355)
	at java.lang.ClassLoader.loadClass(ClassLoader.java:351)
	at java.lang.Class.forName0(Native Method)
	at java.lang.Class.forName(Class.java:348)
	at org.springframework.boot.devtools.restart.classloader.RestartClassLoader.loadClass(RestartClassLoader.java:145)
	at java.lang.ClassLoader.loadClass(ClassLoader.java:351)
	... 52 common frames omitted
